<?xml version="1.0" encoding="UTF-8"?><testsuite errors="1" failures="0" name="As a user I would like to check the CRUD functionality of reqres.in" skipped="0" tests="3" time="4.53" timestamp="2022-06-23T13:25:05.876+01:00[Europe/London]"><testcase name="I want to create a new user"><error message="Index: 0, Size: 0" type="java.lang.IndexOutOfBoundsException">Index: 0, Size: 0</error><system-err>Index: 0, Size: 0&#13;
Script1.run(Script1.groovy:1)&#13;
groovy.lang.GroovyShell.evaluate(GroovyShell.java:585)&#13;
groovy.lang.GroovyShell.evaluate(GroovyShell.java:623)&#13;
groovy.lang.GroovyShell.evaluate(GroovyShell.java:594)&#13;
io.restassured.internal.path.json.JSONAssertion.eval(JSONAssertion.groovy:80)&#13;
io.restassured.internal.path.json.JSONAssertion.getAsJsonObject(JSONAssertion.groovy:46)&#13;
io.restassured.internal.path.json.JSONAssertion.getResult(JSONAssertion.groovy:28)&#13;
io.restassured.path.json.JsonPath.get(JsonPath.java:202)&#13;
io.restassured.internal.RestAssuredResponseOptionsGroovyImpl.path(RestAssuredResponseOptionsGroovyImpl.groovy:398)&#13;
io.restassured.internal.RestAssuredResponseOptionsImpl.path(RestAssuredResponseOptionsImpl.java:200)&#13;
in.reqres.userinfo.UsersSteps.getUserInfoByFirstName(UsersSteps.java:58)&#13;
in.reqres.cucumber.steps.UserStepdefs.iVerifyIfUserHasBeenAddedToTheApplication(UserStepdefs.java:46)&#13;
</system-err></testcase><testcase name="I want to update new created user"/><testcase name="I want to delete new created user"/></testsuite>